<?xml version="1.0" encoding="UTF-8"?>
<!-- Generated by org.testng.reporters.JUnitReportReporter -->
<testsuite hostname="DESKTOP-RQ8N607" failures="0" tests="2" name="com.qa.TestCases.KashtBjanajanTrustTest" time="51.425" errors="0" timestamp="2023-11-10T09:21:38 IST" skipped="0">
  <testcase classname="com.qa.TestCases.KashtBjanajanTrustTest" name="OpenURL" time="1.764"/>
  <system-out/>
  <testcase classname="com.qa.TestCases.KashtBjanajanTrustTest" name="donateAmount" time="49.661"/>
  <system-out/>
</testsuite> <!-- com.qa.TestCases.KashtBjanajanTrustTest -->
