<?xml version="1.0" encoding="UTF-8"?>
<!-- Generated by org.testng.reporters.JUnitReportReporter -->
<testsuite hostname="DESKTOP-RQ8N607" failures="0" tests="2" name="com.qa.TestCases.UatAgentPageTestclass" time="8.042" errors="0" timestamp="2023-08-31T10:28:25 IST" skipped="0">
  <testcase classname="com.qa.TestCases.UatAgentPageTestclass" name="openURL" time="1.787"/>
  <system-out/>
  <testcase classname="com.qa.TestCases.UatAgentPageTestclass" name="onboardingProcess" time="6.255"/>
  <system-out/>
</testsuite> <!-- com.qa.TestCases.UatAgentPageTestclass -->
