<?xml version="1.0" encoding="UTF-8"?>
<!-- Generated by org.testng.reporters.JUnitReportReporter -->
<testsuite hostname="DESKTOP-RQ8N607" failures="0" tests="2" name="com.qa.TestCases.JharkhandO2OLandingePageTestClass" time="33.894" errors="0" timestamp="2023-07-28T16:00:12 IST" skipped="0">
  <testcase classname="com.qa.TestCases.JharkhandO2OLandingePageTestClass" name="OpenURL" time="1.729"/>
  <system-out/>
  <testcase classname="com.qa.TestCases.JharkhandO2OLandingePageTestClass" name="payBill" time="32.165"/>
  <system-out/>
</testsuite> <!-- com.qa.TestCases.JharkhandO2OLandingePageTestClass -->
