<?xml version="1.0" encoding="UTF-8"?>
<!-- Generated by org.testng.reporters.JUnitReportReporter -->
<testsuite hostname="DESKTOP-RQ8N607" failures="0" tests="2" name="com.qa.TestCases.HoneyPotIBoatTestClass" time="10.980" errors="0" timestamp="2023-07-31T12:02:07 IST" skipped="0">
  <testcase classname="com.qa.TestCases.HoneyPotIBoatTestClass" name="OpenURL" time="1.703"/>
  <system-out/>
  <testcase classname="com.qa.TestCases.HoneyPotIBoatTestClass" name="maxInvalidOTP" time="9.277"/>
  <system-out/>
</testsuite> <!-- com.qa.TestCases.HoneyPotIBoatTestClass -->
