<?xml version="1.0" encoding="UTF-8"?>
<!-- Generated by org.testng.reporters.JUnitReportReporter -->
<testsuite hostname="DESKTOP-RQ8N607" failures="0" tests="2" name="com.qa.TestCases.UATAjmerPageTestClass" time="63.934" errors="0" timestamp="2023-09-05T17:43:24 IST" skipped="0">
  <testcase classname="com.qa.TestCases.UATAjmerPageTestClass" name="OpenURL" time="2.091"/>
  <system-out/>
  <testcase classname="com.qa.TestCases.UATAjmerPageTestClass" name="payBill" time="61.843"/>
  <system-out/>
</testsuite> <!-- com.qa.TestCases.UATAjmerPageTestClass -->
