<?xml version="1.0" encoding="UTF-8"?>
<!-- Generated by org.testng.reporters.JUnitReportReporter -->
<testsuite hostname="DESKTOP-RQ8N607" failures="0" tests="2" name="com.qa.TestCases.HoneyPotInvalidOTPTestClass" time="12.539" errors="0" timestamp="2023-07-28T19:18:08 IST" skipped="0">
  <testcase classname="com.qa.TestCases.HoneyPotInvalidOTPTestClass" name="OpenURL" time="1.940"/>
  <system-out/>
  <testcase classname="com.qa.TestCases.HoneyPotInvalidOTPTestClass" name="maxInvalidOTP" time="10.599"/>
  <system-out/>
</testsuite> <!-- com.qa.TestCases.HoneyPotInvalidOTPTestClass -->
