<?xml version="1.0" encoding="UTF-8"?>
<!-- Generated by org.testng.reporters.JUnitReportReporter -->
<testsuite hostname="DESKTOP-RQ8N607" failures="0" tests="1" name="com.qa.TestCases.HoneyPotBotTestClass" time="11.122" errors="0" timestamp="2023-09-04T16:33:17 IST" skipped="0">
  <testcase classname="com.qa.TestCases.HoneyPotBotTestClass" name="checkBotGiveInputForInvisibleFeildOnInviteFriendPage" time="11.122"/>
  <system-out/>
</testsuite> <!-- com.qa.TestCases.HoneyPotBotTestClass -->
